<?xml version="1.0" encoding="UTF-8"?>
<!-- Generated by org.testng.reporters.JUnitReportReporter -->
<testsuite hostname="IPLCEWKS01111" name="TCS.TC_01" tests="1" failures="0" timestamp="17 May 2018 06:18:48 GMT" time="14.537" errors="0">
  <testcase name="tescase" time="14.537" classname="TCS.TC_01"/>
</testsuite> <!-- TCS.TC_01 -->
